<?xml version="1.0" encoding="UTF-8"?>
<!-- Generated by org.testng.reporters.JUnitReportReporter -->
<testsuite skipped="0" hostname="Preetish" name="com.moneyhop.test.RequestCallBackTest" tests="2" failures="0" timestamp="2021-04-17T09:05:58 IST" time="45.686" errors="0">
  <testcase name="fillDetailsFrom" time="20.710" classname="com.moneyhop.test.RequestCallBackTest"/>
  <testcase name="browserSetupEngine" time="24.976" classname="com.moneyhop.test.RequestCallBackTest"/>
</testsuite> <!-- com.moneyhop.test.RequestCallBackTest -->
